<?xml version="1.0" encoding="UTF-8"?>
<testng-results skipped="0" failed="0" ignored="0" total="1" passed="1">
  <reporter-output>
  </reporter-output>
  <suite name="Default Suite" duration-ms="23897" started-at="2019-11-25T00:45:59Z" finished-at="2019-11-25T00:46:23Z">
    <groups>
    </groups>
    <test name="virgingames-task" duration-ms="23897" started-at="2019-11-25T00:45:59Z" finished-at="2019-11-25T00:46:23Z">
      <class name="com.virgingames.testsuite.VirginLogin">
        <test-method status="PASS" signature="setUp()[pri:0, instance:com.virgingames.testsuite.VirginLogin@10f6bfd]" name="setUp" is-config="true" duration-ms="18373" started-at="2019-11-25T00:46:00Z" finished-at="2019-11-25T00:46:18Z">
          <reporter-output>
          </reporter-output>
        </test-method> <!-- setUp -->
        <test-method status="PASS" signature="userShouldAbleToSeeErrorMesaageWithInvalidCredentialsInput()[pri:0, instance:com.virgingames.testsuite.VirginLogin@10f6bfd]" name="userShouldAbleToSeeErrorMesaageWithInvalidCredentialsInput" duration-ms="5429" started-at="2019-11-25T00:46:18Z" finished-at="2019-11-25T00:46:23Z">
          <reporter-output>
          </reporter-output>
        </test-method> <!-- userShouldAbleToSeeErrorMesaageWithInvalidCredentialsInput -->
        <test-method status="PASS" signature="tearDown()[pri:0, instance:com.virgingames.testsuite.VirginLogin@10f6bfd]" name="tearDown" is-config="true" duration-ms="1" started-at="2019-11-25T00:46:23Z" finished-at="2019-11-25T00:46:23Z">
          <reporter-output>
          </reporter-output>
        </test-method> <!-- tearDown -->
      </class> <!-- com.virgingames.testsuite.VirginLogin -->
    </test> <!-- virgingames-task -->
  </suite> <!-- Default Suite -->
</testng-results>
